<?xml version="1.0" encoding="UTF-8"?>
<!-- Generated by org.testng.reporters.JUnitReportReporter -->
<testsuite hostname="Ibog-PC" name="zautomate.zadoqa.apitesting.SeleniumGrid" tests="1" failures="0" timestamp="26 Jul 2016 07:39:06 GMT" time="29.934" errors="0">
  <testcase name="mailTest" time="29.934" classname="zautomate.zadoqa.apitesting.SeleniumGrid"/>
</testsuite> <!-- zautomate.zadoqa.apitesting.SeleniumGrid -->
